<?xml version="1.0" encoding="UTF-8"?>
<!-- Generated by org.testng.reporters.JUnitXMLReporter -->
<testsuite ignored="2" hostname="Alecs-MacBook-Pro.local" failures="0" tests="25" name="Main tests" time="66.116" errors="0" timestamp="01 Aug 2021 05:29:32 GMT">
  <testcase classname="pageObjectsTests.LoginToApp" name="flakyTest" time="0.003">
    <skipped/>
  </testcase> <!-- flakyTest -->
  <testcase classname="pageObjectsTests.LoginToApp" name="flakyTest" time="0.0">
    <skipped/>
  </testcase> <!-- flakyTest -->
  <testcase classname="pageObjectsTests.LoginToAppFactory" name="loginToApp_correctCredentials_successfulLogin" time="4.44"/>
  <testcase classname="pageObjectsTests.PlaylistTests" name="playlistTests_createNewPlaylist_playlistCreated" time="5.202"/>
  <testcase classname="pageObjectsTests.LoginToApp" name="flakyTest" time="0.0"/>
  <testcase classname="pageObjectsTests.LoginToAppFactory" name="loginToApp_incorrectCredentials_failedLogin" time="2.173"/>
  <testcase classname="pageObjectsTests.LoginToApp" name="loginToApp_correctCredentials_successfulLogin" time="3.018"/>
  <testcase classname="pageObjectsTests.PlaylistTests" name="playlistTests_renameNewPlaylist_playlistRenamed" time="5.551"/>
  <testcase classname="pageObjectsTests.LoginToAppFactory" name="loginToApp_correctCredentials_successfulLogin_COPY1" time="3.077"/>
  <testcase classname="pageObjectsTests.LoginToApp" name="loginToApp_incorrectCredentials_failedLogin" time="2.676"/>
  <testcase classname="pageObjectsTests.LoginToAppFactory" name="loginToApp_incorrectCredentials_failedLogin_COPY1" time="2.372"/>
  <testcase classname="pageObjectsTests.LoginToApp" name="loginToApp_correctCredentials_successfulLogin_COPY1" time="3.761"/>
  <testcase classname="pageObjectsTests.PlaylistTests" name="playlistTests_createNewPlaylist_playlistCreated_COPY1" time="6.636"/>
  <testcase classname="pageObjectsTests.LoginToAppFactory" name="loginToApp_correctCredentials_successfulLogin_COPY2" time="3.54"/>
  <testcase classname="pageObjectsTests.LoginToApp" name="loginToApp_incorrectCredentials_failedLogin_COPY1" time="2.118"/>
  <testcase classname="pageObjectsTests.LoginToAppFactory" name="loginToApp_incorrectCredentials_failedLogin_COPY2" time="1.811"/>
  <testcase classname="pageObjectsTests.PlaylistTests" name="playlistTests_renameNewPlaylist_playlistRenamed_COPY1" time="5.668"/>
  <testcase classname="pageObjectsTests.LoginToApp" name="loginToApp_correctCredentials_successfulLogin_COPY2" time="2.999"/>
  <testcase classname="pageObjectsTests.LoginToAppFactory" name="loginToApp_correctCredentials_successfulLogin_COPY3" time="4.162"/>
  <testcase classname="pageObjectsTests.PlaylistTests" name="playlistTests_createNewPlaylist_playlistCreated_COPY2" time="5.78"/>
  <testcase classname="pageObjectsTests.LoginToApp" name="loginToApp_correctCredentials_successfulLogin_COPY3" time="3.564"/>
  <testcase classname="pageObjectsTests.LoginToApp" name="loginToApp_incorrectCredentials_failedLogin_COPY3" time="1.631"/>
  <testcase classname="pageObjectsTests.PlaylistTests" name="playlistTests_renameNewPlaylist_playlistRenamed_COPY2" time="3.935"/>
  <testcase classname="pageObjectsTests.PlaylistTests" name="playlistTests_createNewPlaylist_playlistCreated_COPY3" time="2.717"/>
  <testcase classname="pageObjectsTests.PlaylistTests" name="playlistTests_renameNewPlaylist_playlistRenamed_COPY3" time="3.663"/>
  <testcase classname="pageObjectsTests.LoginToAppFactory" name="loginToApp_incorrectCredentials_failedLogin_COPY3" time="0.0">
    <ignored/>
  </testcase> <!-- loginToApp_incorrectCredentials_failedLogin_COPY3 -->
  <testcase classname="pageObjectsTests.LoginToApp" name="loginToApp_incorrectCredentials_failedLogin_COPY2" time="0.0">
    <ignored/>
  </testcase> <!-- loginToApp_incorrectCredentials_failedLogin_COPY2 -->
</testsuite> <!-- Main tests -->
