<?xml version="1.0" encoding="UTF-8"?>
<!-- Generated by org.testng.reporters.JUnitXMLReporter -->
<testsuite ignored="7" hostname="Alecs-MacBook-Pro.local" failures="0" tests="1" name="Main tests" time="11.573" errors="0" timestamp="01 Aug 2021 05:14:54 GMT">
  <testcase classname="pageObjectsTests.PlaylistTests" name="playlistTests_renameNewPlaylist_playlistRenamed" time="4.514"/>
  <testcase classname="pageObjectsTests.PlaylistTests" name="playlistTests_renameNewPlaylist_playlistRenamed_COPY3" time="0.0">
    <ignored/>
  </testcase> <!-- playlistTests_renameNewPlaylist_playlistRenamed_COPY3 -->
  <testcase classname="pageObjectsTests.PlaylistTests" name="playlistTests_createNewPlaylist_playlistCreated_COPY3" time="0.0">
    <ignored/>
  </testcase> <!-- playlistTests_createNewPlaylist_playlistCreated_COPY3 -->
  <testcase classname="pageObjectsTests.PlaylistTests" name="playlistTests_createNewPlaylist_playlistCreated" time="0.0">
    <ignored/>
  </testcase> <!-- playlistTests_createNewPlaylist_playlistCreated -->
  <testcase classname="pageObjectsTests.PlaylistTests" name="playlistTests_createNewPlaylist_playlistCreated_COPY2" time="0.0">
    <ignored/>
  </testcase> <!-- playlistTests_createNewPlaylist_playlistCreated_COPY2 -->
  <testcase classname="pageObjectsTests.PlaylistTests" name="playlistTests_createNewPlaylist_playlistCreated_COPY1" time="0.0">
    <ignored/>
  </testcase> <!-- playlistTests_createNewPlaylist_playlistCreated_COPY1 -->
  <testcase classname="pageObjectsTests.PlaylistTests" name="playlistTests_renameNewPlaylist_playlistRenamed_COPY1" time="0.0">
    <ignored/>
  </testcase> <!-- playlistTests_renameNewPlaylist_playlistRenamed_COPY1 -->
  <testcase classname="pageObjectsTests.PlaylistTests" name="playlistTests_renameNewPlaylist_playlistRenamed_COPY2" time="0.0">
    <ignored/>
  </testcase> <!-- playlistTests_renameNewPlaylist_playlistRenamed_COPY2 -->
</testsuite> <!-- Main tests -->
