<?xml version="1.0" encoding="UTF-8"?>
<testsuite xmlns:xsi="http://www.w3.org/2001/XMLSchema-instance" xsi:noNamespaceSchemaLocation="https://maven.apache.org/surefire/maven-surefire-plugin/xsd/surefire-test-report-3.0.xsd" version="3.0" name="TestSuite" time="67.278" tests="25" errors="0" skipped="2" failures="0">
  <properties>
[...]
</properties>
  <testcase name="flakyTest" classname="pageObjectsTests.LoginToApp" time="0">
    <skipped message="expected [true] but found [false]"/>
    <system-out><![CDATA[2021-08-01 01:28:25,581 main DEBUG Apache Log4j Core 2.13.3 initializing configuration XmlConfiguration[location=/Users/irinaflores/IdeaProjects/JavaCore9/target/test-classes/log4j2.xml]
2021-08-01 01:28:25,590 main DEBUG Installed 1 script engine
2021-08-01 01:28:25,648 main DEBUG BeanShell Engine version: 1.0, language: BeanShell, threading: MULTITHREADED, compile: true, names: [beanshell, bsh, java], factory class: bsh.engine.BshScriptEngineFactory
2021-08-01 01:28:25,648 main DEBUG PluginManager 'Core' found 122 plugins
2021-08-01 01:28:25,649 main DEBUG PluginManager 'Level' found 0 plugins
2021-08-01 01:28:25,654 main DEBUG PluginManager 'Lookup' found 16 plugins
2021-08-01 01:28:25,658 main DEBUG Building Plugin[name=layout, class=org.apache.logging.log4j.core.layout.PatternLayout].
2021-08-01 01:28:25,671 main DEBUG PluginManager 'TypeConverter' found 26 plugins
2021-08-01 01:28:25,685 main DEBUG PatternLayout$Builder(pattern="%d %p %c{1.} [%t] %m%n", PatternSelector=null, Configuration(/Users/irinaflores/IdeaProjects/JavaCore9/target/test-classes/log4j2.xml), Replace=null, charset="null", alwaysWriteExceptions="null", disableAnsi="null", noConsoleNoAnsi="null", header="null", footer="null")
2021-08-01 01:28:25,686 main DEBUG PluginManager 'Converter' found 44 plugins
2021-08-01 01:28:25,710 main DEBUG Building Plugin[name=appender, class=org.apache.logging.log4j.core.appender.FileAppender].
2021-08-01 01:28:25,728 main DEBUG FileAppender$Builder(fileName="logs/app.log", append="null", locking="null", advertise="null", advertiseUri="null", createOnDemand="null", filePermissions="null", fileOwner="null", fileGroup="null", bufferedIo="null", bufferSize="null", immediateFlush="null", ignoreExceptions="null", PatternLayout(%d %p %c{1.} [%t] %m%n), name="LogToFile", Configuration(/Users/irinaflores/IdeaProjects/JavaCore9/target/test-classes/log4j2.xml), Filter=null, ={})
2021-08-01 01:28:25,732 main DEBUG Starting FileManager logs/app.log
2021-08-01 01:28:25,733 main DEBUG Building Plugin[name=appenders, class=org.apache.logging.log4j.core.config.AppendersPlugin].
2021-08-01 01:28:25,738 main DEBUG createAppenders(={LogToFile})
2021-08-01 01:28:25,739 main DEBUG Building Plugin[name=AppenderRef, class=org.apache.logging.log4j.core.config.AppenderRef].
2021-08-01 01:28:25,751 main DEBUG createAppenderRef(ref="LogToFile", level="null", Filter=null)
2021-08-01 01:28:25,752 main DEBUG Building Plugin[name=logger, class=org.apache.logging.log4j.core.config.LoggerConfig].
2021-08-01 01:28:25,757 main DEBUG createLogger(additivity="false", level="DEBUG", name="io.testpro", includeLocation="null", ={LogToFile}, ={}, Configuration(/Users/irinaflores/IdeaProjects/JavaCore9/target/test-classes/log4j2.xml), Filter=null)
2021-08-01 01:28:25,766 main DEBUG Building Plugin[name=AppenderRef, class=org.apache.logging.log4j.core.config.AppenderRef].
2021-08-01 01:28:25,768 main DEBUG createAppenderRef(ref="LogToFile", level="null", Filter=null)
2021-08-01 01:28:25,769 main DEBUG Building Plugin[name=root, class=org.apache.logging.log4j.core.config.LoggerConfig$RootLogger].
2021-08-01 01:28:25,773 main DEBUG createLogger(additivity="null", level="TRACE", includeLocation="null", ={LogToFile}, ={}, Configuration(/Users/irinaflores/IdeaProjects/JavaCore9/target/test-classes/log4j2.xml), Filter=null)
2021-08-01 01:28:25,780 main DEBUG Building Plugin[name=loggers, class=org.apache.logging.log4j.core.config.LoggersPlugin].
2021-08-01 01:28:25,783 main DEBUG createLoggers(={io.testpro, root})
2021-08-01 01:28:25,786 main DEBUG Configuration XmlConfiguration[location=/Users/irinaflores/IdeaProjects/JavaCore9/target/test-classes/log4j2.xml] initialized
2021-08-01 01:28:25,787 main DEBUG Starting configuration XmlConfiguration[location=/Users/irinaflores/IdeaProjects/JavaCore9/target/test-classes/log4j2.xml]
2021-08-01 01:28:25,788 main DEBUG Started configuration XmlConfiguration[location=/Users/irinaflores/IdeaProjects/JavaCore9/target/test-classes/log4j2.xml] OK.
2021-08-01 01:28:25,790 main DEBUG Shutting down OutputStreamManager SYSTEM_OUT.false.false-1
2021-08-01 01:28:25,791 main DEBUG OutputStream closed
2021-08-01 01:28:25,791 main DEBUG Shut down OutputStreamManager SYSTEM_OUT.false.false-1, all resources released: true
2021-08-01 01:28:25,792 main DEBUG Appender DefaultConsole-1 stopped with status true
2021-08-01 01:28:25,792 main DEBUG Stopped org.apache.logging.log4j.core.config.DefaultConfiguration@971d0d8 OK
2021-08-01 01:28:25,932 main DEBUG Registering MBean org.apache.logging.log4j2:type=55054057
2021-08-01 01:28:25,935 main DEBUG Registering MBean org.apache.logging.log4j2:type=55054057,component=StatusLogger
2021-08-01 01:28:25,938 main DEBUG Registering MBean org.apache.logging.log4j2:type=55054057,component=ContextSelector
2021-08-01 01:28:25,941 main DEBUG Registering MBean org.apache.logging.log4j2:type=55054057,component=Loggers,name=
2021-08-01 01:28:25,944 main DEBUG Registering MBean org.apache.logging.log4j2:type=55054057,component=Loggers,name=io.testpro
2021-08-01 01:28:25,950 main DEBUG Registering MBean org.apache.logging.log4j2:type=55054057,component=Appenders,name=LogToFile
2021-08-01 01:28:25,954 main DEBUG org.apache.logging.log4j.core.util.SystemClock supports precise timestamps.
2021-08-01 01:28:25,957 main DEBUG Reconfiguration complete for context[name=55054057] at URI /Users/irinaflores/IdeaProjects/JavaCore9/target/test-classes/log4j2.xml (org.apache.logging.log4j.core.LoggerContext@22f59fa) with optional ClassLoader: null
2021-08-01 01:28:25,958 main DEBUG Shutdown hook enabled. Registering a new one.
2021-08-01 01:28:25,959 main DEBUG LoggerContext[name=55054057, org.apache.logging.log4j.core.LoggerContext@22f59fa] started OK.
]]></system-out>
    <system-err><![CDATA[SLF4J: Failed to load class "org.slf4j.impl.StaticLoggerBinder".
SLF4J: Defaulting to no-operation (NOP) logger implementation
SLF4J: See http://www.slf4j.org/codes.html#StaticLoggerBinder for further details.
SSStartttartairitingng ChromeDriver 92.0.4515.107 (87a818b10553a07434ea9e2b6dng ChromeDriver c92.0.4515. Chr107 (87a818b10553a07434ea9e2b6dccf3cbe7895134-refs/branch-heads/4515@{#1634}) on port 36206
Only local connections are allowed.
Please see https:cf//chroomemedriv3cbe7895134-refs/branch-heads/4515@{#163er.chromium.org/security-considerations for suggestions on keeping ChromeDriver safe.
Driver 92.0.4515.4}) on port 33489
Only local connections are allowed.
Please see https://chromedriver.chromium.org107 (87a818b10553a07434ea9e2b6dccf3cbe7895134-refs/branch-heads/4515@{#1634}) on port 31543
Only local connections are allowed.
Please see https://chromedriver.chromium.org/security-considerations for suggestions on keeping ChromeDriver safe.
/security-considerations for suggestions on keeping ChromeDriver safe.
CChrhomChromeeDriver waromeDs startedD successfully.
rirviver was sert was started successfullyarted successfully.
.
Aug 01, 2021 1:28:28 AM org.openqa.selenium.remote.ProtocolHandshake createSession
INFO: Detected dialect: W3C
Aug 01, 2021 1:28:28 AM org.openqa.selenium.remote.ProtocolHandshake createSession
INFO: Detected dialect: W3C
Aug 01, 2021 1:28:28 AM org.openqa.selenium.remote.ProtocolHandshake createSession
INFO: Detected dialect: W3C
]]></system-err>
  </testcase>
  <testcase name="flakyTest" classname="pageObjectsTests.LoginToApp" time="0">
    <skipped message="expected [true] but found [false]"/>
    <system-err><![CDATA[Starting ChromeDriver 92.0.4515.107 (87a818b10553a07434ea9e2b6dccf3cbe7895134-refs/branch-heads/4515@{#1634}) on port 11437
Only local connections are allowed.
Please see https://chromedriver.chromium.org/security-considerations for suggestions on keeping ChromeDriver safe.
ChromeDriver was started successfully.
Aug 01, 2021 1:28:32 AM org.openqa.selenium.remote.ProtocolHandshake createSession
INFO: Detected dialect: W3C
]]></system-err>
  </testcase>
  <testcase name="flakyTest" classname="pageObjectsTests.LoginToApp" time="0"/>
  <testcase name="loginToApp_correctCredentials_successfulLogin" classname="pageObjectsTests.LoginToAppFactory" time="1.139"/>
  <testcase name="playlistTests_createNewPlaylist_playlistCreated" classname="pageObjectsTests.PlaylistTests" time="1.91"/>
  <testcase name="loginToApp_incorrectCredentials_failedLogin" classname="pageObjectsTests.LoginToAppFactory" time="0.35"/>
  <testcase name="loginToApp_correctCredentials_successfulLogin" classname="pageObjectsTests.LoginToApp" time="3.018"/>
  <testcase name="playlistTests_renameNewPlaylist_playlistRenamed" classname="pageObjectsTests.PlaylistTests" time="0.854"/>
  <testcase name="loginToApp_correctCredentials_successfulLogin_COPY1" classname="pageObjectsTests.LoginToAppFactory" time="0.909"/>
  <testcase name="loginToApp_incorrectCredentials_failedLogin" classname="pageObjectsTests.LoginToApp" time="2.677"/>
  <testcase name="loginToApp_incorrectCredentials_failedLogin_COPY1" classname="pageObjectsTests.LoginToAppFactory" time="0.689"/>
  <testcase name="loginToApp_correctCredentials_successfulLogin_COPY1" classname="pageObjectsTests.LoginToApp" time="0.151"/>
  <testcase name="playlistTests_createNewPlaylist_playlistCreated_COPY1" classname="pageObjectsTests.PlaylistTests" time="0.494"/>
  <testcase name="loginToApp_correctCredentials_successfulLogin_COPY2" classname="pageObjectsTests.LoginToAppFactory" time="3.54"/>
  <testcase name="loginToApp_incorrectCredentials_failedLogin_COPY1" classname="pageObjectsTests.LoginToApp" time="2.041"/>
  <testcase name="loginToApp_incorrectCredentials_failedLogin_COPY2" classname="pageObjectsTests.LoginToAppFactory" time="1.81"/>
  <testcase name="playlistTests_renameNewPlaylist_playlistRenamed_COPY1" classname="pageObjectsTests.PlaylistTests" time="0.649"/>
  <testcase name="loginToApp_correctCredentials_successfulLogin_COPY2" classname="pageObjectsTests.LoginToApp" time="0.252"/>
  <testcase name="loginToApp_correctCredentials_successfulLogin_COPY3" classname="pageObjectsTests.LoginToAppFactory" time="0.761"/>
  <testcase name="playlistTests_createNewPlaylist_playlistCreated_COPY2" classname="pageObjectsTests.PlaylistTests" time="3.337"/>
  <testcase name="loginToApp_correctCredentials_successfulLogin_COPY3" classname="pageObjectsTests.LoginToApp" time="3.565"/>
  <testcase name="loginToApp_incorrectCredentials_failedLogin_COPY3" classname="pageObjectsTests.LoginToApp" time="1.631"/>
  <testcase name="playlistTests_renameNewPlaylist_playlistRenamed_COPY2" classname="pageObjectsTests.PlaylistTests" time="3.817"/>
  <testcase name="playlistTests_createNewPlaylist_playlistCreated_COPY3" classname="pageObjectsTests.PlaylistTests" time="2.717"/>
  <testcase name="playlistTests_renameNewPlaylist_playlistRenamed_COPY3" classname="pageObjectsTests.PlaylistTests" time="3.663"/>
</testsuite>