<?xml version="1.0" encoding="UTF-8"?>
<testng-results ignored="7" total="8" passed="1" failed="0" skipped="0">
  <reporter-output>
  </reporter-output>
  <suite started-at="2021-08-01T05:14:43Z" name="Master Suit" finished-at="2021-08-01T05:14:54Z" duration-ms="11573">
    <groups>
    </groups>
    <test started-at="2021-08-01T05:14:43Z" name="Main tests" finished-at="2021-08-01T05:14:54Z" duration-ms="11573">
      <class name="pageObjectsTests.PlaylistTests">
        <test-method is-config="true" signature="startUp(java.lang.String, java.lang.String, java.lang.String)[pri:0, instance:pageObjectsTests.PlaylistTests@1b8a29df]" started-at="2021-08-01T05:14:43Z" name="startUp" finished-at="2021-08-01T05:14:47Z" duration-ms="4445" status="PASS">
          <params>
            <param index="0">
              <value>
                <![CDATA[testrun7809@gmail.com]]>
              </value>
            </param>
            <param index="1">
              <value>
                <![CDATA[12345]]>
              </value>
            </param>
            <param index="2">
              <value>
                <![CDATA[firefox]]>
              </value>
            </param>
          </params>
          <reporter-output>
          </reporter-output>
        </test-method> <!-- startUp -->
        <test-method signature="playlistTests_renameNewPlaylist_playlistRenamed()[pri:0, instance:pageObjectsTests.PlaylistTests@1b8a29df]" started-at="2021-08-01T05:14:47Z" name="playlistTests_renameNewPlaylist_playlistRenamed" finished-at="2021-08-01T05:14:52Z" duration-ms="4514" status="PASS">
          <reporter-output>
          </reporter-output>
        </test-method> <!-- playlistTests_renameNewPlaylist_playlistRenamed -->
        <test-method is-config="true" signature="tearDown(org.testng.ITestResult)[pri:0, instance:pageObjectsTests.PlaylistTests@1b8a29df]" started-at="2021-08-01T05:14:52Z" name="tearDown" finished-at="2021-08-01T05:14:54Z" duration-ms="2588" status="PASS">
          <params>
            <param index="0">
              <value>
                <![CDATA[[TestResult name=playlistTests_renameNewPlaylist_playlistRenamed status=SUCCESS method=PlaylistTests.playlistTests_renameNewPlaylist_playlistRenamed()[pri:0, instance:pageObjectsTests.PlaylistTests@1b8a29df] output={null}]]]>
              </value>
            </param>
          </params>
          <reporter-output>
          </reporter-output>
        </test-method> <!-- tearDown -->
      </class> <!-- pageObjectsTests.PlaylistTests -->
    </test> <!-- Main tests -->
  </suite> <!-- Master Suit -->
</testng-results>
